2019-06-13 01:47:20 [127.0.0.1][-][-][error][yii\base\UnknownPropertyException] yii\base\UnknownPropertyException: Setting unknown property: yii\log\EmailTarget::logFile in C:\OSPanel\domains\phpmagaz\vendor\yiisoft\yii2\base\Component.php:209
Stack trace:
#0 C:\OSPanel\domains\phpmagaz\vendor\yiisoft\yii2\BaseYii.php(546): yii\base\Component->__set('logFile', '../errors-mail....')
#1 C:\OSPanel\domains\phpmagaz\vendor\yiisoft\yii2\base\BaseObject.php(107): yii\BaseYii::configure(Object(yii\log\EmailTarget), Array)
#2 [internal function]: yii\base\BaseObject->__construct(Array)
#3 C:\OSPanel\domains\phpmagaz\vendor\yiisoft\yii2\di\Container.php(384): ReflectionClass->newInstanceArgs(Array)
#4 C:\OSPanel\domains\phpmagaz\vendor\yiisoft\yii2\di\Container.php(156): yii\di\Container->build('yii\\log\\EmailTa...', Array, Array)
#5 C:\OSPanel\domains\phpmagaz\vendor\yiisoft\yii2\BaseYii.php(349): yii\di\Container->get('yii\\log\\EmailTa...', Array, Array)
#6 C:\OSPanel\domains\phpmagaz\vendor\yiisoft\yii2\log\Dispatcher.php(102): yii\BaseYii::createObject(Array)
#7 C:\OSPanel\domains\phpmagaz\vendor\yiisoft\yii2\base\BaseObject.php(109): yii\log\Dispatcher->init()
#8 C:\OSPanel\domains\phpmagaz\vendor\yiisoft\yii2\log\Dispatcher.php(90): yii\base\BaseObject->__construct(Array)
#9 [internal function]: yii\log\Dispatcher->__construct(Array)
#10 C:\OSPanel\domains\phpmagaz\vendor\yiisoft\yii2\di\Container.php(384): ReflectionClass->newInstanceArgs(Array)
#11 C:\OSPanel\domains\phpmagaz\vendor\yiisoft\yii2\di\Container.php(156): yii\di\Container->build('yii\\log\\Dispatc...', Array, Array)
#12 C:\OSPanel\domains\phpmagaz\vendor\yiisoft\yii2\BaseYii.php(349): yii\di\Container->get('yii\\log\\Dispatc...', Array, Array)
#13 C:\OSPanel\domains\phpmagaz\vendor\yiisoft\yii2\di\ServiceLocator.php(137): yii\BaseYii::createObject(Array)
#14 C:\OSPanel\domains\phpmagaz\vendor\yiisoft\yii2\base\Module.php(742): yii\di\ServiceLocator->get('log', true)
#15 C:\OSPanel\domains\phpmagaz\vendor\yiisoft\yii2\base\Application.php(313): yii\base\Module->get('log')
#16 C:\OSPanel\domains\phpmagaz\vendor\yiisoft\yii2\web\Application.php(69): yii\base\Application->bootstrap()
#17 C:\OSPanel\domains\phpmagaz\vendor\yiisoft\yii2\base\Application.php(273): yii\web\Application->bootstrap()
#18 C:\OSPanel\domains\phpmagaz\vendor\yiisoft\yii2\base\BaseObject.php(109): yii\base\Application->init()
#19 C:\OSPanel\domains\phpmagaz\vendor\yiisoft\yii2\base\Application.php(206): yii\base\BaseObject->__construct(Array)
#20 C:\OSPanel\domains\phpmagaz\web\index.php(12): yii\base\Application->__construct(Array)
#21 {main}
2019-06-13 01:47:20 [127.0.0.1][-][-][info][application] $_GET = []

$_POST = []

$_FILES = []

$_COOKIE = []

$_SERVER = [
    'HTTP_HOST' => 'phpmagaz'
    'HTTP_CONNECTION' => 'keep-alive'
    'HTTP_PRAGMA' => 'no-cache'
    'HTTP_CACHE_CONTROL' => 'no-cache'
    'HTTP_UPGRADE_INSECURE_REQUESTS' => '1'
    'HTTP_USER_AGENT' => 'Mozilla/5.0 (Windows NT 10.0; Win64; x64) AppleWebKit/537.36 (KHTML, like Gecko) Chrome/74.0.3729.169 Safari/537.36'
    'HTTP_DNT' => '1'
    'HTTP_ACCEPT' => 'text/html,application/xhtml+xml,application/xml;q=0.9,image/webp,image/apng,*/*;q=0.8,application/signed-exchange;v=b3'
    'HTTP_REFERER' => 'http://phpmagaz/'
    'HTTP_ACCEPT_ENCODING' => 'gzip, deflate'
    'HTTP_ACCEPT_LANGUAGE' => 'en-US,en;q=0.9,uk;q=0.8,ru;q=0.7,de;q=0.6'
    'PATH' => 'c:\\ospanel\\modules\\php\\PHP_7.3-x64\\ext;c:\\ospanel\\modules\\php\\PHP_7.3-x64\\pear;c:\\ospanel\\modules\\php\\PHP_7.3-x64\\pear\\bin;c:\\ospanel\\modules\\php\\PHP_7.3-x64;c:\\ospanel\\modules\\imagemagick;c:\\ospanel\\modules\\wget\\bin;c:\\ospanel\\modules\\git;c:\\ospanel\\modules\\git\\bin;c:\\ospanel\\modules\\git\\mingw\\bin;c:\\ospanel\\modules\\git\\cmd;c:\\ospanel\\modules\\database\\MySQL-8.0-x64\\bin;c:\\ospanel\\modules\\http\\Apache_2.4-PHP_7.2-7.3-x64\\bin;c:\\ospanel\\modules\\http\\Apache_2.4-PHP_7.2-7.3-x64;C:\\WINDOWS\\system32;C:\\WINDOWS;C:\\WINDOWS\\system32\\Wbem;C:\\WINDOWS\\SysWOW64'
    'SystemRoot' => 'C:\\WINDOWS'
    'COMSPEC' => 'C:\\WINDOWS\\system32\\cmd.exe'
    'PATHEXT' => '.COM;.EXE;.BAT;.CMD;.VBS;.VBE;.JS;.JSE;.WSF;.WSH;.MSC'
    'WINDIR' => 'C:\\WINDOWS'
    'SERVER_SIGNATURE' => ''
    'SERVER_SOFTWARE' => 'Apache'
    'SERVER_NAME' => 'phpmagaz'
    'SERVER_ADDR' => '127.0.0.1'
    'SERVER_PORT' => '80'
    'REMOTE_ADDR' => '127.0.0.1'
    'DOCUMENT_ROOT' => 'C:/OSPanel/domains/phpmagaz'
    'REQUEST_SCHEME' => 'http'
    'CONTEXT_PREFIX' => ''
    'CONTEXT_DOCUMENT_ROOT' => 'C:/OSPanel/domains/phpmagaz'
    'SERVER_ADMIN' => '[no address given]'
    'SCRIPT_FILENAME' => 'C:/OSPanel/domains/phpmagaz/web/index.php'
    'REMOTE_PORT' => '31985'
    'GATEWAY_INTERFACE' => 'CGI/1.1'
    'SERVER_PROTOCOL' => 'HTTP/1.1'
    'REQUEST_METHOD' => 'GET'
    'QUERY_STRING' => ''
    'REQUEST_URI' => '/web/'
    'SCRIPT_NAME' => '/web/index.php'
    'PHP_SELF' => '/web/index.php'
    'REQUEST_TIME_FLOAT' => 1560379640.653
    'REQUEST_TIME' => 1560379640
    'argv' => []
    'argc' => 0
]
